Base path: C:/Program Files/Unity 5.0.0b1/Editor/Data
Pipe name: \\.\pipe\UnityShaderCompiler-64bit-1-6760
Cmd: getPlatforms
Cmd: compileSnippet
  api=4 type=0 insize=5484 outsize=3874 kw=DIRECTIONAL SHADOWS_OFF LIGHTMAP_OFF DIRLIGHTMAP_OFF DYNAMICLIGHTMAP_OFF ok=1
Cmd: compileSnippet
  api=4 type=1 insize=5484 outsize=1729 kw=DIRECTIONAL SHADOWS_OFF LIGHTMAP_OFF DIRLIGHTMAP_OFF DYNAMICLIGHTMAP_OFF ok=1
Cmd: compileSnippet
  api=4 type=0 insize=2503 outsize=2737 kw=DIRECTIONAL ok=1
Cmd: compileSnippet
  api=4 type=1 insize=2503 outsize=1209 kw=DIRECTIONAL ok=1
Cmd: preprocess
  error: 2 plat 14 at (8): #pragma surface needs function name and lighting model: #pragma surface surf 
  error: 2 plat 14 at (8): Both vertex and fragment programs must be present
  insize=711 outsize=275 ok=0
Cmd: preprocess
  insize=718 outsize=1421 ok=1
Cmd: preprocess
  insize=718 outsize=20244 ok=1
Cmd: preprocess
  insize=718 outsize=20244 ok=1
Cmd: preprocess
  insize=434 outsize=1361 ok=1
Cmd: preprocess
  insize=481 outsize=256 ok=1
Cmd: compileSnippet
  api=4 type=0 insize=522 outsize=990 kw= ok=1
Cmd: compileSnippet
  api=4 type=1 insize=522 outsize=600 kw= ok=1
Cmd: preprocess
  insize=976 outsize=256 ok=1
Cmd: compileSnippet
  api=4 type=0 insize=1017 outsize=990 kw= ok=1
Cmd: compileSnippet
  api=4 type=1 insize=1017 outsize=575 kw= ok=1
Cmd: preprocess
  insize=852 outsize=255 ok=1
Cmd: compileSnippet
  error: 2 plat 4 at (29): invalid subscript 'texcoord0'
  api=4 type=0 insize=893 outsize=0 kw= ok=0
Cmd: preprocess
  insize=850 outsize=256 ok=1
Cmd: compileSnippet
  error: 2 plat 4 at (29): invalid subscript 'postion'
  api=4 type=0 insize=891 outsize=0 kw= ok=0
Cmd: preprocess
  insize=851 outsize=256 ok=1
Cmd: compileSnippet
  api=4 type=0 insize=892 outsize=762 kw= ok=1
Cmd: compileSnippet
  api=4 type=1 insize=892 outsize=510 kw= ok=1
Cmd: preprocess
  insize=858 outsize=263 ok=1
Cmd: preprocess
  insize=856 outsize=263 ok=1
Cmd: compileSnippet
  error: 2 plat 4 at (29): syntax error: unexpected token ','
  api=4 type=0 insize=890 outsize=0 kw= ok=0
Cmd: preprocess
  insize=858 outsize=263 ok=1
Cmd: compileSnippet
  api=4 type=0 insize=892 outsize=762 kw= ok=1
Cmd: compileSnippet
  api=4 type=1 insize=892 outsize=510 kw= ok=1
Cmd: preprocess
  insize=858 outsize=263 ok=1
Cmd: compileSnippet
  api=4 type=0 insize=892 outsize=762 kw= ok=1
Cmd: compileSnippet
  api=4 type=1 insize=892 outsize=510 kw= ok=1
Cmd: preprocess
  insize=858 outsize=263 ok=1
Cmd: compileSnippet
  api=4 type=0 insize=892 outsize=762 kw= ok=1
Cmd: compileSnippet
  api=4 type=1 insize=892 outsize=510 kw= ok=1
Cmd: preprocess
  insize=863 outsize=263 ok=1
Cmd: compileSnippet
  api=4 type=0 insize=897 outsize=762 kw= ok=1
Cmd: compileSnippet
  api=4 type=1 insize=897 outsize=551 kw= ok=1
Cmd: preprocess
  insize=863 outsize=262 ok=1
Cmd: compileSnippet
  api=4 type=0 insize=897 outsize=762 kw= ok=1
Cmd: compileSnippet
  api=4 type=1 insize=897 outsize=551 kw= ok=1
Cmd: preprocess
  insize=862 outsize=263 ok=1
Cmd: compileSnippet
  error: 2 plat 4 at (30): undeclared identifier '_MainTex'
  api=4 type=0 insize=896 outsize=0 kw= ok=0
Cmd: preprocess
  insize=868 outsize=263 ok=1
Cmd: compileSnippet
  error: 2 plat 4 at (30): undeclared identifier '_MainTex'
  api=4 type=0 insize=902 outsize=0 kw= ok=0
Cmd: preprocess
  insize=921 outsize=263 ok=1
Cmd: compileSnippet
  api=4 type=0 insize=955 outsize=762 kw= ok=1
Cmd: compileSnippet
  api=4 type=1 insize=955 outsize=535 kw= ok=1
Cmd: preprocess
  insize=915 outsize=263 ok=1
Cmd: compileSnippet
  error: 2 plat 4 at (32): 'tex2D': no matching 2 parameter intrinsic function; Possible intrinsic functions are: tex2D(sampler2D, float2|half2|min10float2|min16float2) tex2D(sampler2D, float2|half2|min10float2|min16float2, float2|half2|min10float2|min16float2, float2|half2|min10float2|min16float2)
  error: 2 plat 4 at (32): invalid subscript 'uv'
  api=4 type=0 insize=949 outsize=0 kw= ok=0
Cmd: preprocess
  insize=871 outsize=263 ok=1
Cmd: compileSnippet
  api=4 type=0 insize=905 outsize=762 kw= ok=1
Cmd: compileSnippet
  error: 2 plat 4 at (30): 'frag': Not all control paths return a value
  api=4 type=1 insize=905 outsize=0 kw= ok=0
Cmd: preprocess
  insize=855 outsize=263 ok=1
Cmd: compileSnippet
  error: 2 plat 4 at (29): undeclared identifier '_MainTex'
  api=4 type=0 insize=889 outsize=0 kw= ok=0
Cmd: preprocess
  insize=895 outsize=263 ok=1
Cmd: compileSnippet
  api=4 type=0 insize=929 outsize=762 kw= ok=1
Cmd: compileSnippet
  api=4 type=1 insize=929 outsize=535 kw= ok=1
Cmd: preprocess
  insize=989 outsize=263 ok=1
Cmd: compileSnippet
  api=4 type=0 insize=1023 outsize=762 kw= ok=1
Cmd: compileSnippet
  api=4 type=1 insize=1023 outsize=608 kw= ok=1
Cmd: preprocess
  insize=975 outsize=263 ok=1
Cmd: compileSnippet
  api=4 type=0 insize=1009 outsize=762 kw= ok=1
Cmd: compileSnippet
  api=4 type=1 insize=1009 outsize=535 kw= ok=1
Cmd: preprocess
  insize=989 outsize=263 ok=1
Cmd: preprocess
  insize=991 outsize=263 ok=1
Cmd: compileSnippet
  api=4 type=0 insize=1025 outsize=762 kw= ok=1
Cmd: compileSnippet
  api=4 type=1 insize=1025 outsize=608 kw= ok=1
Cmd: preprocess
  insize=895 outsize=263 ok=1
Cmd: preprocess
  insize=625 outsize=1420 ok=1
Cmd: compileSnippet
  api=4 type=0 insize=5359 outsize=3955 kw=DIRECTIONAL SHADOWS_OFF LIGHTMAP_OFF DIRLIGHTMAP_OFF DYNAMICLIGHTMAP_OFF ok=1
Cmd: compileSnippet
  api=4 type=1 insize=5359 outsize=1396 kw=DIRECTIONAL SHADOWS_OFF LIGHTMAP_OFF DIRLIGHTMAP_OFF DYNAMICLIGHTMAP_OFF ok=1
Cmd: compileSnippet
  api=4 type=0 insize=2498 outsize=2907 kw=POINT ok=1
Cmd: compileSnippet
  api=4 type=1 insize=2498 outsize=1924 kw=POINT ok=1
Cmd: compileSnippet
  api=4 type=0 insize=1976 outsize=2135 kw= ok=1
Cmd: compileSnippet
  api=4 type=1 insize=1976 outsize=632 kw= ok=1
Cmd: compileSnippet
  api=4 type=0 insize=4807 outsize=3630 kw=LIGHTMAP_OFF DIRLIGHTMAP_OFF DYNAMICLIGHTMAP_OFF HDR_LIGHT_PREPASS_OFF ok=1
Cmd: compileSnippet
  api=4 type=1 insize=4807 outsize=1258 kw=LIGHTMAP_OFF DIRLIGHTMAP_OFF DYNAMICLIGHTMAP_OFF HDR_LIGHT_PREPASS_OFF ok=1
Cmd: compileSnippet
  api=4 type=0 insize=4775 outsize=3573 kw=LIGHTMAP_OFF DIRLIGHTMAP_OFF DYNAMICLIGHTMAP_OFF HDR_LIGHT_PREPASS_OFF ok=1
Cmd: compileSnippet
  api=4 type=1 insize=4775 outsize=1542 kw=LIGHTMAP_OFF DIRLIGHTMAP_OFF DYNAMICLIGHTMAP_OFF HDR_LIGHT_PREPASS_OFF ok=1
Cmd: compileSnippet
  api=4 type=0 insize=2498 outsize=2907 kw=DIRECTIONAL ok=1
Cmd: compileSnippet
  api=4 type=1 insize=2498 outsize=1201 kw=DIRECTIONAL ok=1
Cmd: preprocess
  insize=660 outsize=1420 ok=1
Cmd: compileSnippet
  api=4 type=0 insize=5394 outsize=3955 kw=DIRECTIONAL SHADOWS_OFF LIGHTMAP_OFF DIRLIGHTMAP_OFF DYNAMICLIGHTMAP_OFF ok=1
Cmd: compileSnippet
  api=4 type=1 insize=5394 outsize=1396 kw=DIRECTIONAL SHADOWS_OFF LIGHTMAP_OFF DIRLIGHTMAP_OFF DYNAMICLIGHTMAP_OFF ok=1
Cmd: compileSnippet
  api=4 type=0 insize=2533 outsize=2907 kw=POINT ok=1
Cmd: compileSnippet
  api=4 type=1 insize=2533 outsize=1924 kw=POINT ok=1
Cmd: compileSnippet
  api=4 type=0 insize=2011 outsize=2135 kw= ok=1
Cmd: compileSnippet
  api=4 type=1 insize=2011 outsize=632 kw= ok=1
Cmd: compileSnippet
  api=4 type=0 insize=4842 outsize=3630 kw=LIGHTMAP_OFF DIRLIGHTMAP_OFF DYNAMICLIGHTMAP_OFF HDR_LIGHT_PREPASS_OFF ok=1
Cmd: compileSnippet
  api=4 type=1 insize=4842 outsize=1258 kw=LIGHTMAP_OFF DIRLIGHTMAP_OFF DYNAMICLIGHTMAP_OFF HDR_LIGHT_PREPASS_OFF ok=1
Cmd: compileSnippet
  api=4 type=0 insize=4810 outsize=3573 kw=LIGHTMAP_OFF DIRLIGHTMAP_OFF DYNAMICLIGHTMAP_OFF HDR_LIGHT_PREPASS_OFF ok=1
Cmd: compileSnippet
  api=4 type=1 insize=4810 outsize=1542 kw=LIGHTMAP_OFF DIRLIGHTMAP_OFF DYNAMICLIGHTMAP_OFF HDR_LIGHT_PREPASS_OFF ok=1
Cmd: compileSnippet
  api=4 type=0 insize=2533 outsize=2907 kw=DIRECTIONAL ok=1
Cmd: compileSnippet
  api=4 type=1 insize=2533 outsize=1201 kw=DIRECTIONAL ok=1
Cmd: preprocess
  insize=662 outsize=1421 ok=1
Cmd: compileSnippet
  api=4 type=0 insize=5396 outsize=3955 kw=DIRECTIONAL SHADOWS_OFF LIGHTMAP_OFF DIRLIGHTMAP_OFF DYNAMICLIGHTMAP_OFF ok=1
Cmd: compileSnippet
  api=4 type=1 insize=5396 outsize=1396 kw=DIRECTIONAL SHADOWS_OFF LIGHTMAP_OFF DIRLIGHTMAP_OFF DYNAMICLIGHTMAP_OFF ok=1
Cmd: compileSnippet
  api=4 type=0 insize=2535 outsize=2907 kw=POINT ok=1
Cmd: compileSnippet
  api=4 type=1 insize=2535 outsize=1924 kw=POINT ok=1
Cmd: compileSnippet
  api=4 type=0 insize=2013 outsize=2135 kw= ok=1
Cmd: compileSnippet
  api=4 type=1 insize=2013 outsize=632 kw= ok=1
Cmd: compileSnippet
  api=4 type=0 insize=4844 outsize=3630 kw=LIGHTMAP_OFF DIRLIGHTMAP_OFF DYNAMICLIGHTMAP_OFF HDR_LIGHT_PREPASS_OFF ok=1
Cmd: compileSnippet
  api=4 type=1 insize=4844 outsize=1258 kw=LIGHTMAP_OFF DIRLIGHTMAP_OFF DYNAMICLIGHTMAP_OFF HDR_LIGHT_PREPASS_OFF ok=1
Cmd: compileSnippet
  api=4 type=0 insize=4812 outsize=3573 kw=LIGHTMAP_OFF DIRLIGHTMAP_OFF DYNAMICLIGHTMAP_OFF HDR_LIGHT_PREPASS_OFF ok=1
Cmd: compileSnippet
  api=4 type=1 insize=4812 outsize=1542 kw=LIGHTMAP_OFF DIRLIGHTMAP_OFF DYNAMICLIGHTMAP_OFF HDR_LIGHT_PREPASS_OFF ok=1
Cmd: compileSnippet
  api=4 type=0 insize=2535 outsize=2907 kw=DIRECTIONAL ok=1
Cmd: compileSnippet
  api=4 type=1 insize=2535 outsize=1201 kw=DIRECTIONAL ok=1
Cmd: preprocess
  insize=635 outsize=1421 ok=1
Cmd: compileSnippet
  api=4 type=0 insize=5369 outsize=3955 kw=DIRECTIONAL SHADOWS_OFF LIGHTMAP_OFF DIRLIGHTMAP_OFF DYNAMICLIGHTMAP_OFF ok=1
Cmd: compileSnippet
  api=4 type=1 insize=5369 outsize=1396 kw=DIRECTIONAL SHADOWS_OFF LIGHTMAP_OFF DIRLIGHTMAP_OFF DYNAMICLIGHTMAP_OFF ok=1
Cmd: compileSnippet
  api=4 type=0 insize=2508 outsize=2907 kw=POINT ok=1
Cmd: compileSnippet
  api=4 type=1 insize=2508 outsize=1924 kw=POINT ok=1
Cmd: compileSnippet
  api=4 type=0 insize=1986 outsize=2135 kw= ok=1
Cmd: compileSnippet
  api=4 type=1 insize=1986 outsize=632 kw= ok=1
Cmd: compileSnippet
  api=4 type=0 insize=4817 outsize=3630 kw=LIGHTMAP_OFF DIRLIGHTMAP_OFF DYNAMICLIGHTMAP_OFF HDR_LIGHT_PREPASS_OFF ok=1
Cmd: compileSnippet
  api=4 type=1 insize=4817 outsize=1258 kw=LIGHTMAP_OFF DIRLIGHTMAP_OFF DYNAMICLIGHTMAP_OFF HDR_LIGHT_PREPASS_OFF ok=1
Cmd: compileSnippet
  api=4 type=0 insize=4785 outsize=3573 kw=LIGHTMAP_OFF DIRLIGHTMAP_OFF DYNAMICLIGHTMAP_OFF HDR_LIGHT_PREPASS_OFF ok=1
Cmd: compileSnippet
  api=4 type=1 insize=4785 outsize=1542 kw=LIGHTMAP_OFF DIRLIGHTMAP_OFF DYNAMICLIGHTMAP_OFF HDR_LIGHT_PREPASS_OFF ok=1
Cmd: compileSnippet
  api=4 type=0 insize=2508 outsize=2907 kw=DIRECTIONAL ok=1
Cmd: compileSnippet
  api=4 type=1 insize=2508 outsize=1201 kw=DIRECTIONAL ok=1
Cmd: preprocess
  insize=619 outsize=1421 ok=1
Cmd: compileSnippet
  api=4 type=0 insize=5353 outsize=3955 kw=DIRECTIONAL SHADOWS_OFF LIGHTMAP_OFF DIRLIGHTMAP_OFF DYNAMICLIGHTMAP_OFF ok=1
Cmd: compileSnippet
  api=4 type=1 insize=5353 outsize=1339 kw=DIRECTIONAL SHADOWS_OFF LIGHTMAP_OFF DIRLIGHTMAP_OFF DYNAMICLIGHTMAP_OFF ok=1
Cmd: compileSnippet
  api=4 type=0 insize=2492 outsize=2907 kw=POINT ok=1
Cmd: compileSnippet
  api=4 type=1 insize=2492 outsize=1867 kw=POINT ok=1
Cmd: compileSnippet
  api=4 type=0 insize=1970 outsize=2135 kw= ok=1
Cmd: compileSnippet
  api=4 type=1 insize=1970 outsize=632 kw= ok=1
Cmd: compileSnippet
  api=4 type=0 insize=4801 outsize=3630 kw=LIGHTMAP_OFF DIRLIGHTMAP_OFF DYNAMICLIGHTMAP_OFF HDR_LIGHT_PREPASS_OFF ok=1
Cmd: compileSnippet
  api=4 type=1 insize=4801 outsize=1201 kw=LIGHTMAP_OFF DIRLIGHTMAP_OFF DYNAMICLIGHTMAP_OFF HDR_LIGHT_PREPASS_OFF ok=1
Cmd: compileSnippet
  api=4 type=0 insize=4769 outsize=3573 kw=LIGHTMAP_OFF DIRLIGHTMAP_OFF DYNAMICLIGHTMAP_OFF HDR_LIGHT_PREPASS_OFF ok=1
Cmd: compileSnippet
  api=4 type=1 insize=4769 outsize=1485 kw=LIGHTMAP_OFF DIRLIGHTMAP_OFF DYNAMICLIGHTMAP_OFF HDR_LIGHT_PREPASS_OFF ok=1
Cmd: compileSnippet
  api=4 type=0 insize=2492 outsize=2907 kw=DIRECTIONAL ok=1
Cmd: compileSnippet
  api=4 type=1 insize=2492 outsize=1144 kw=DIRECTIONAL ok=1
Cmd: preprocess
  insize=954 outsize=263 ok=1
Cmd: compileSnippet
  api=4 type=0 insize=988 outsize=762 kw= ok=1
Cmd: compileSnippet
  api=4 type=1 insize=988 outsize=608 kw= ok=1
Cmd: preprocess
  insize=635 outsize=1421 ok=1
Cmd: preprocess
  insize=939 outsize=263 ok=1
Cmd: compileSnippet
  api=4 type=0 insize=973 outsize=917 kw= ok=1
Cmd: compileSnippet
  api=4 type=1 insize=973 outsize=535 kw= ok=1
Cmd: preprocess
  insize=928 outsize=263 ok=1
Cmd: compileSnippet
  api=4 type=0 insize=962 outsize=762 kw= ok=1
Cmd: compileSnippet
  api=4 type=1 insize=962 outsize=535 kw= ok=1
Cmd: preprocess
  insize=939 outsize=263 ok=1
Cmd: preprocess
  insize=985 outsize=263 ok=1
Cmd: compileSnippet
  api=4 type=0 insize=1019 outsize=762 kw= ok=1
Cmd: compileSnippet
  api=4 type=1 insize=1019 outsize=608 kw= ok=1
Cmd: preprocess
  insize=1017 outsize=263 ok=1
Cmd: compileSnippet
  api=4 type=0 insize=1051 outsize=762 kw= ok=1
Cmd: compileSnippet
  api=4 type=1 insize=1051 outsize=762 kw= ok=1
Cmd: preprocess
  insize=985 outsize=263 ok=1
Cmd: preprocess
  insize=989 outsize=263 ok=1
Cmd: compileSnippet
  api=4 type=0 insize=1023 outsize=762 kw= ok=1
Cmd: compileSnippet
  api=4 type=1 insize=1023 outsize=689 kw= ok=1
Cmd: preprocess
  insize=990 outsize=263 ok=1
Cmd: compileSnippet
  api=4 type=0 insize=1024 outsize=762 kw= ok=1
Cmd: compileSnippet
  api=4 type=1 insize=1024 outsize=665 kw= ok=1
Cmd: preprocess
  insize=990 outsize=263 ok=1
Cmd: compileSnippet
  api=4 type=0 insize=1024 outsize=762 kw= ok=1
Cmd: compileSnippet
  api=4 type=1 insize=1024 outsize=665 kw= ok=1
Cmd: preprocess
  insize=924 outsize=263 ok=1
Cmd: compileSnippet
  error: 2 plat 4 at (32): 'tex2D': no matching 2 parameter intrinsic function; Possible intrinsic functions are: tex2D(sampler2D, float2|half2|min10float2|min16float2) tex2D(sampler2D, float2|half2|min10float2|min16float2, float2|half2|min10float2|min16float2, float2|half2|min10float2|min16float2)
  error: 2 plat 4 at (32): undeclared identifier 'screenUV'
  api=4 type=0 insize=958 outsize=0 kw= ok=0
Cmd: preprocess
  insize=690 outsize=1421 ok=1
Cmd: compileSnippet
  api=4 type=0 insize=5447 outsize=3955 kw=DIRECTIONAL SHADOWS_OFF LIGHTMAP_OFF DIRLIGHTMAP_OFF DYNAMICLIGHTMAP_OFF ok=1
Cmd: compileSnippet
  api=4 type=1 insize=5447 outsize=1453 kw=DIRECTIONAL SHADOWS_OFF LIGHTMAP_OFF DIRLIGHTMAP_OFF DYNAMICLIGHTMAP_OFF ok=1
Cmd: compileSnippet
  api=4 type=0 insize=2563 outsize=2907 kw=POINT ok=1
Cmd: compileSnippet
  api=4 type=1 insize=2563 outsize=1924 kw=POINT ok=1
Cmd: compileSnippet
  api=4 type=0 insize=2041 outsize=2135 kw= ok=1
Cmd: compileSnippet
  api=4 type=1 insize=2041 outsize=632 kw= ok=1
Cmd: compileSnippet
  api=4 type=0 insize=4895 outsize=3630 kw=LIGHTMAP_OFF DIRLIGHTMAP_OFF DYNAMICLIGHTMAP_OFF HDR_LIGHT_PREPASS_OFF ok=1
Cmd: compileSnippet
  api=4 type=1 insize=4895 outsize=1274 kw=LIGHTMAP_OFF DIRLIGHTMAP_OFF DYNAMICLIGHTMAP_OFF HDR_LIGHT_PREPASS_OFF ok=1
Cmd: compileSnippet
  api=4 type=0 insize=4840 outsize=3573 kw=LIGHTMAP_OFF DIRLIGHTMAP_OFF DYNAMICLIGHTMAP_OFF HDR_LIGHT_PREPASS_OFF ok=1
Cmd: compileSnippet
  api=4 type=1 insize=4840 outsize=1558 kw=LIGHTMAP_OFF DIRLIGHTMAP_OFF DYNAMICLIGHTMAP_OFF HDR_LIGHT_PREPASS_OFF ok=1
Cmd: compileSnippet
  api=4 type=0 insize=2563 outsize=2907 kw=DIRECTIONAL ok=1
Cmd: compileSnippet
  api=4 type=1 insize=2563 outsize=1201 kw=DIRECTIONAL ok=1
Cmd: preprocess
  insize=637 outsize=1421 ok=1
Cmd: compileSnippet
  api=4 type=0 insize=5394 outsize=3955 kw=DIRECTIONAL SHADOWS_OFF LIGHTMAP_OFF DIRLIGHTMAP_OFF DYNAMICLIGHTMAP_OFF ok=1
Cmd: compileSnippet
  api=4 type=1 insize=5394 outsize=949 kw=DIRECTIONAL SHADOWS_OFF LIGHTMAP_OFF DIRLIGHTMAP_OFF DYNAMICLIGHTMAP_OFF ok=1
Cmd: compileSnippet
  api=4 type=0 insize=2401 outsize=2517 kw=POINT ok=1
Cmd: compileSnippet
  api=4 type=1 insize=2401 outsize=559 kw=POINT ok=1
Cmd: compileSnippet
  api=4 type=0 insize=1988 outsize=2135 kw= ok=1
Cmd: compileSnippet
  api=4 type=1 insize=1988 outsize=632 kw= ok=1
Cmd: compileSnippet
  api=4 type=0 insize=4842 outsize=3630 kw=LIGHTMAP_OFF DIRLIGHTMAP_OFF DYNAMICLIGHTMAP_OFF HDR_LIGHT_PREPASS_OFF ok=1
Cmd: compileSnippet
  api=4 type=1 insize=4842 outsize=900 kw=LIGHTMAP_OFF DIRLIGHTMAP_OFF DYNAMICLIGHTMAP_OFF HDR_LIGHT_PREPASS_OFF ok=1
Cmd: compileSnippet
  api=4 type=0 insize=4787 outsize=3573 kw=LIGHTMAP_OFF DIRLIGHTMAP_OFF DYNAMICLIGHTMAP_OFF HDR_LIGHT_PREPASS_OFF ok=1
Cmd: compileSnippet
  api=4 type=1 insize=4787 outsize=1445 kw=LIGHTMAP_OFF DIRLIGHTMAP_OFF DYNAMICLIGHTMAP_OFF HDR_LIGHT_PREPASS_OFF ok=1
Cmd: compileSnippet
  api=4 type=0 insize=2401 outsize=2517 kw=DIRECTIONAL ok=1
Cmd: compileSnippet
  api=4 type=1 insize=2401 outsize=559 kw=DIRECTIONAL ok=1
Cmd: preprocess
  insize=648 outsize=1421 ok=1
Cmd: compileSnippet
  api=4 type=0 insize=5405 outsize=3955 kw=DIRECTIONAL SHADOWS_OFF LIGHTMAP_OFF DIRLIGHTMAP_OFF DYNAMICLIGHTMAP_OFF ok=1
Cmd: compileSnippet
  api=4 type=1 insize=5405 outsize=949 kw=DIRECTIONAL SHADOWS_OFF LIGHTMAP_OFF DIRLIGHTMAP_OFF DYNAMICLIGHTMAP_OFF ok=1
Cmd: compileSnippet
  api=4 type=0 insize=2412 outsize=2517 kw=POINT ok=1
Cmd: compileSnippet
  api=4 type=1 insize=2412 outsize=559 kw=POINT ok=1
Cmd: compileSnippet
  api=4 type=0 insize=1999 outsize=2135 kw= ok=1
Cmd: compileSnippet
  api=4 type=1 insize=1999 outsize=632 kw= ok=1
Cmd: compileSnippet
  api=4 type=0 insize=4853 outsize=3630 kw=LIGHTMAP_OFF DIRLIGHTMAP_OFF DYNAMICLIGHTMAP_OFF HDR_LIGHT_PREPASS_OFF ok=1
Cmd: compileSnippet
  api=4 type=1 insize=4853 outsize=900 kw=LIGHTMAP_OFF DIRLIGHTMAP_OFF DYNAMICLIGHTMAP_OFF HDR_LIGHT_PREPASS_OFF ok=1
Cmd: compileSnippet
  api=4 type=0 insize=4798 outsize=3573 kw=LIGHTMAP_OFF DIRLIGHTMAP_OFF DYNAMICLIGHTMAP_OFF HDR_LIGHT_PREPASS_OFF ok=1
Cmd: compileSnippet
  api=4 type=1 insize=4798 outsize=1445 kw=LIGHTMAP_OFF DIRLIGHTMAP_OFF DYNAMICLIGHTMAP_OFF HDR_LIGHT_PREPASS_OFF ok=1
Cmd: compileSnippet
  api=4 type=0 insize=2412 outsize=2517 kw=DIRECTIONAL ok=1
Cmd: compileSnippet
  api=4 type=1 insize=2412 outsize=559 kw=DIRECTIONAL ok=1
Cmd: compileSnippet
  api=4 type=0 insize=5405 outsize=4126 kw=DIRECTIONAL SHADOWS_SCREEN LIGHTMAP_OFF DIRLIGHTMAP_OFF DYNAMICLIGHTMAP_OFF ok=1
Cmd: compileSnippet
  api=4 type=1 insize=5405 outsize=998 kw=DIRECTIONAL SHADOWS_SCREEN LIGHTMAP_OFF DIRLIGHTMAP_OFF DYNAMICLIGHTMAP_OFF ok=1
Cmd: compileSnippet
  api=4 type=0 insize=1210 outsize=3809 kw=DIRECTIONAL SHADOWS_SCREEN LIGHTMAP_OFF DIRLIGHTMAP_OFF DYNAMICLIGHTMAP_OFF _EMISSIONMAP ok=1
Cmd: compileSnippet
  api=4 type=1 insize=1210 outsize=9009 kw=DIRECTIONAL SHADOWS_SCREEN LIGHTMAP_OFF DIRLIGHTMAP_OFF DYNAMICLIGHTMAP_OFF _EMISSIONMAP ok=1
Cmd: compileSnippet
  api=4 type=0 insize=1210 outsize=3452 kw=DIRECTIONAL SHADOWS_OFF LIGHTMAP_OFF DIRLIGHTMAP_OFF DYNAMICLIGHTMAP_OFF _EMISSIONMAP ok=1
Cmd: compileSnippet
  api=4 type=1 insize=1210 outsize=8692 kw=DIRECTIONAL SHADOWS_OFF LIGHTMAP_OFF DIRLIGHTMAP_OFF DYNAMICLIGHTMAP_OFF _EMISSIONMAP ok=1
